2026-07-16 18:44:11 web02 proc_report:
  PID   USER      CPU   MEM  COMMAND
  5701  postgres  27.5 33.7  node
  7697  root      29.1 35.5  nginx
  1018  www-data  68.3  3.5  kube-apiserver
  3075  splunk    78.8 10.9  sshd
  306   root      85.8 30.2  sshd
2026-07-16 19:06:26 web01 proc_report:
  PID   USER      CPU   MEM  COMMAND
  2195  splunk    11.9 21.8  nginx
  1016  splunk    22.8  8.0  sshd
  9919  root      77.3 30.7  postgres
  1504  splunk    39.6 41.7  kube-apiserver
  2894  splunk    73.1 25.4  nginx
2026-07-16 21:02:49 app01 proc_report:
  PID   USER      CPU   MEM  COMMAND
  3934  root      58.9 22.0  node
  6458  postgres  80.8 37.1  splunkd
  5409  root      62.0 22.1  postgres
  4414  splunk    33.2 16.2  java
  8565  www-data  33.2 38.2  sshd
2026-07-17 00:01:54 web02 proc_report:
  PID   USER      CPU   MEM  COMMAND
  4222  root      18.6 17.0  java
  1145  postgres  48.3  1.6  sshd
  8684  root       9.2 26.2  java
  6487  www-data  20.3 31.1  kube-apiserver
  2171  splunk    46.4  7.6  splunkd
2026-07-17 02:03:47 app01 proc_report:
  PID   USER      CPU   MEM  COMMAND
  9679  root      34.9 10.6  splunkd
  9620  postgres  60.6  6.9  java
  4175  splunk    44.0 29.0  node
  1083  root      31.4  6.9  java
  2161  postgres  20.6 41.2  node
2026-07-17 02:48:12 web02 proc_report:
  PID   USER      CPU   MEM  COMMAND
  8275  splunk    20.7 10.5  postgres
  3487  splunk    17.9 10.9  node
  2655  root      10.6  3.8  kube-apiserver
  208   root      74.6 15.9  node
  8166  www-data  43.2 41.4  postgres
2026-07-17 02:51:27 db01 proc_report:
  PID   USER      CPU   MEM  COMMAND
  3549  postgres  61.7 16.0  sshd
  4681  postgres  15.9  5.9  python3
  1736  www-data  70.8 23.5  sshd
  3312  splunk    70.4 31.1  kube-apiserver
  259   splunk    37.2  6.1  node
2026-07-17 03:49:18 web01 proc_report:
  PID   USER      CPU   MEM  COMMAND
  5976  postgres   9.1 36.5  python3
  9295  postgres  21.0 33.0  postgres
  869   postgres  34.2 40.2  node
  9146  root       1.2 10.9  kube-apiserver
  3795  www-data  66.5 23.2  python3
2026-07-17 04:22:41 web02 proc_report:
  PID   USER      CPU   MEM  COMMAND
  5636  root      66.7  2.4  java
  7481  postgres  58.0 40.2  nginx
  8272  root      46.7  2.5  sshd
  9686  postgres  81.4 32.9  nginx
  9579  splunk    64.3  5.8  sshd
2026-07-17 06:03:46 web02 proc_report:
  PID   USER      CPU   MEM  COMMAND
  9612  postgres  83.7 15.3  python3
  1739  www-data  54.6 37.9  node
  8060  postgres  29.0 27.9  nginx
  9366  www-data  71.1 40.3  nginx
  179   www-data  21.7  9.7  sshd
2026-07-17 07:18:37 app01 proc_report:
  PID   USER      CPU   MEM  COMMAND
  2300  www-data  77.3 19.7  node
  5104  postgres  48.6  7.8  java
  4697  splunk    78.4  8.7  java
  1335  root      74.8 26.7  sshd
  9767  splunk    79.8 23.4  kube-apiserver
2026-07-17 08:36:04 web01 proc_report:
  PID   USER      CPU   MEM  COMMAND
  8674  splunk    30.3 20.0  splunkd
  8159  postgres  26.4 32.3  postgres
  9881  splunk    70.1 23.3  python3
  6845  postgres  34.8  7.3  sshd
  6299  splunk    23.2 18.0  python3
2026-07-17 10:58:08 app01 proc_report:
  PID   USER      CPU   MEM  COMMAND
  8076  postgres  78.1  0.8  nginx
  7307  splunk    20.3 21.9  postgres
  3565  splunk    16.5 15.5  java
  3873  postgres  71.4 30.4  kube-apiserver
  7944  postgres  18.6  7.2  sshd
2026-07-17 12:33:06 app01 proc_report:
  PID   USER      CPU   MEM  COMMAND
  504   www-data  45.3 21.6  kube-apiserver
  818   www-data  79.1  8.5  java
  1672  splunk    85.5 32.6  splunkd
  1172  splunk    59.0 32.6  sshd
  1802  splunk    47.4 29.7  sshd
2026-07-17 13:07:41 web02 proc_report:
  PID   USER      CPU   MEM  COMMAND
  987   postgres  42.1 22.9  node
  6550  splunk    40.3  5.5  kube-apiserver
  5271  root       1.1  9.2  java
  5431  www-data  54.0 11.3  postgres
  3985  www-data  41.5 25.9  node
2026-07-17 15:27:59 web02 proc_report:
  PID   USER      CPU   MEM  COMMAND
  1742  splunk    44.8 33.1  splunkd
  2733  postgres  84.9  0.7  java
  2481  postgres  81.5 18.6  java
  4410  splunk    32.7 25.8  sshd
  6664  www-data  62.7 25.3  nginx
2026-07-17 15:49:32 db01 proc_report:
  PID   USER      CPU   MEM  COMMAND
  3139  root      54.6 15.6  python3
  5354  root      58.0 22.9  sshd
  3210  postgres  67.4  6.9  postgres
  5385  postgres  56.4  5.1  java
  817   splunk    15.8  1.8  java
2026-07-17 17:19:39 web01 proc_report:
  PID   USER      CPU   MEM  COMMAND
  621   postgres  57.9 22.3  postgres
  904   www-data  19.5 30.3  splunkd
  3519  postgres  81.7 35.0  kube-apiserver
  1094  www-data  49.1 39.4  sshd
  6146  root      72.5 11.5  splunkd
2026-07-17 18:49:37 app01 proc_report:
  PID   USER      CPU   MEM  COMMAND
  4764  www-data  36.4 35.9  nginx
  2338  www-data   9.8 19.4  kube-apiserver
  4558  postgres  16.6  1.3  splunkd
  8864  root      16.4  4.7  postgres
  2148  postgres  64.0 10.2  nginx
2026-07-17 19:48:47 web01 proc_report:
  PID   USER      CPU   MEM  COMMAND
  5092  splunk    65.9 38.0  node
  3569  postgres  79.7 35.8  nginx
  2737  splunk    19.5 35.1  python3
  1977  splunk    59.1 24.0  splunkd
  9092  postgres  56.8  3.5  java
2026-07-17 23:46:41 db01 proc_report:
  PID   USER      CPU   MEM  COMMAND
  6052  postgres  10.1 32.0  python3
  135   www-data  31.3 26.8  postgres
  9073  www-data  61.8  2.4  nginx
  8167  splunk    72.3 31.3  sshd
  1852  www-data  53.8  8.3  sshd
2026-07-17 23:56:38 app01 proc_report:
  PID   USER      CPU   MEM  COMMAND
  2847  www-data  81.2 25.3  java
  3865  postgres  34.0  5.0  python3
  8664  postgres  72.8 25.6  nginx
  7896  root      77.3 22.6  java
  1626  postgres  58.1 37.9  splunkd
2026-07-18 00:45:49 db01 proc_report:
  PID   USER      CPU   MEM  COMMAND
  275   splunk    74.9 39.1  postgres
  3290  root      69.0 21.7  python3
  2876  root      31.7 27.7  nginx
  1522  www-data  68.6 15.2  sshd
  6742  splunk    45.6 31.1  java
2026-07-18 01:03:53 web01 proc_report:
  PID   USER      CPU   MEM  COMMAND
  2619  root      40.5 14.3  java
  1300  root      15.7 11.0  java
  9520  splunk    80.2 17.4  kube-apiserver
  6726  postgres  27.9 16.7  java
  8862  root      56.5 26.2  splunkd
2026-07-18 01:25:02 web02 proc_report:
  PID   USER      CPU   MEM  COMMAND
  6093  postgres  19.7 32.5  postgres
  2293  postgres  44.1  4.3  node
  8327  root      58.3 35.7  nginx
  8523  splunk    39.3  7.9  nginx
  8021  www-data   3.7 32.1  python3
2026-07-18 01:35:27 app01 proc_report:
  PID   USER      CPU   MEM  COMMAND
  8359  postgres  36.9 25.8  python3
  4582  postgres  84.8 40.8  kube-apiserver
  2285  splunk    36.4 29.6  postgres
  9075  www-data  62.7 39.3  python3
  3391  splunk    55.0 12.6  node
2026-07-18 01:52:48 app01 proc_report:
  PID   USER      CPU   MEM  COMMAND
  7901  postgres  85.8 22.9  postgres
  9087  postgres  12.0 39.9  nginx
  9780  postgres  55.6 26.9  sshd
  8676  www-data  80.0 20.5  python3
  1567  postgres  27.2 17.6  nginx
2026-07-18 02:20:35 db01 proc_report:
  PID   USER      CPU   MEM  COMMAND
  7422  root      33.6 12.4  nginx
  2845  www-data  37.2 25.9  sshd
  1268  root      14.3 10.0  node
  4873  www-data  53.3 16.9  kube-apiserver
  6050  postgres  36.5  8.1  splunkd
2026-07-18 03:02:33 app01 proc_report:
  PID   USER      CPU   MEM  COMMAND
  6798  www-data   9.5 18.2  postgres
  4381  postgres  49.7 25.9  sshd
  3437  postgres  48.6 23.6  nginx
  6165  postgres  22.4 13.2  node
  6622  splunk    75.3 27.9  python3
2026-07-18 03:40:19 web01 proc_report:
  PID   USER      CPU   MEM  COMMAND
  5960  root      25.6 29.0  java
  4712  postgres  33.6 34.6  splunkd
  7865  splunk    47.0  6.2  sshd
  9041  www-data  84.5  6.5  node
  282   splunk    10.9  0.7  sshd
2026-07-18 05:16:34 app01 proc_report:
  PID   USER      CPU   MEM  COMMAND
  1376  splunk    84.5  4.5  python3
  8810  postgres  16.8 22.3  python3
  9439  splunk    49.2 23.7  java
  9546  www-data  59.4 29.7  sshd
  1805  splunk    69.8 23.3  node
2026-07-18 07:02:55 db01 proc_report:
  PID   USER      CPU   MEM  COMMAND
  4149  root      17.6 31.0  java
  8638  splunk    41.7 28.8  postgres
  5393  splunk    55.4  2.3  java
  4250  postgres  56.2  8.7  splunkd
  3668  root      20.8 18.5  splunkd
2026-07-18 07:17:05 web02 proc_report:
  PID   USER      CPU   MEM  COMMAND
  4919  postgres  15.7 28.8  nginx
  2947  root      33.3 18.3  postgres
  2231  splunk    51.4 11.1  node
  7740  splunk     3.6 39.0  splunkd
  5034  postgres  69.5 23.3  java
2026-07-18 07:39:48 app01 proc_report:
  PID   USER      CPU   MEM  COMMAND
  8708  splunk    84.2 22.1  nginx
  6914  postgres   8.2  9.7  python3
  5537  www-data  31.8  9.6  kube-apiserver
  9296  root      10.2 14.9  python3
  4094  root      60.1 13.8  java
2026-07-18 07:43:33 app01 proc_report:
  PID   USER      CPU   MEM  COMMAND
  4211  root      35.1 29.2  splunkd
  3630  www-data  42.0 26.6  kube-apiserver
  5583  www-data  31.8 23.8  postgres
  5738  root      36.3 15.1  python3
  9551  splunk    86.2 12.3  node
2026-07-18 08:41:42 db01 proc_report:
  PID   USER      CPU   MEM  COMMAND
  3261  root      60.7 15.4  nginx
  4207  root      42.8 18.7  postgres
  8992  postgres  16.8  8.2  node
  5403  postgres  24.3 35.0  nginx
  1228  splunk    39.6 34.5  node
2026-07-18 13:05:03 db01 proc_report:
  PID   USER      CPU   MEM  COMMAND
  8653  postgres  32.7  2.3  sshd
  3859  postgres  69.5 16.3  java
  7071  splunk    22.5 32.3  java
  4741  postgres  22.8  0.7  splunkd
  9569  root      45.8 16.1  python3
2026-07-18 14:09:01 app01 proc_report:
  PID   USER      CPU   MEM  COMMAND
  9260  www-data  30.6 34.3  python3
  3287  postgres  81.8 24.4  postgres
  2967  postgres  44.6 23.7  postgres
  5670  root      70.7 40.2  postgres
  7354  postgres  49.6 32.5  node
2026-07-18 14:14:49 web02 proc_report:
  PID   USER      CPU   MEM  COMMAND
  3013  www-data  62.5 32.1  kube-apiserver
  9648  postgres  59.4 37.6  postgres
  7020  root      46.0  1.5  nginx
  969   root      17.7 31.6  nginx
  4795  www-data  13.0  3.1  postgres
2026-07-18 16:10:09 db01 proc_report:
  PID   USER      CPU   MEM  COMMAND
  7648  root      42.5 11.2  sshd
  3710  splunk    70.4 17.6  node
  8562  root      61.7 11.4  postgres
  1623  postgres  59.3 34.6  java
  9185  splunk    42.0 15.2  postgres
